06/30/2025 11:29:00.736 - Pipeline - INFO: [INFO] Ejecutando scraping...
06/30/2025 11:33:35.638 - ProductScraper - INFO: Starting product scraper
06/30/2025 11:35:55.578 - ProductScraper - INFO: Starting product scraper
06/30/2025 11:38:13.956 - ProductScraper - INFO: Starting product scraper
06/30/2025 11:38:49.048 - ProductScraper - INFO: Found 145 products
06/30/2025 11:38:49.761 - ProductScraper - INFO: Subiendo imagen con key: data/scraped_data/images/220376/220376.jpg
06/30/2025 11:38:50.663 - ProductScraper - INFO: Subiendo producto con key: data/scraped_data/products/220376.jsonl
06/30/2025 11:38:51.615 - ProductScraper - INFO: Subiendo imagen con key: data/scraped_data/images/220359/220359.jpg
06/30/2025 11:38:51.946 - ProductScraper - INFO: Subiendo producto con key: data/scraped_data/products/220359.jsonl
06/30/2025 11:38:52.927 - ProductScraper - INFO: Subiendo imagen con key: data/scraped_data/images/220386/220386.jpg
06/30/2025 11:38:53.303 - ProductScraper - INFO: Subiendo producto con key: data/scraped_data/products/220386.jsonl
06/30/2025 11:38:54.316 - ProductScraper - INFO: Subiendo imagen con key: data/scraped_data/images/220375/220375.jpg
06/30/2025 11:38:54.619 - ProductScraper - INFO: Subiendo producto con key: data/scraped_data/products/220375.jsonl
06/30/2025 11:38:55.375 - ProductScraper - INFO: Subiendo imagen con key: data/scraped_data/images/220385/220385.jpg
06/30/2025 11:38:55.692 - ProductScraper - INFO: Subiendo producto con key: data/scraped_data/products/220385.jsonl
06/30/2025 11:38:56.574 - ProductScraper - INFO: Subiendo imagen con key: data/scraped_data/images/220350/220350.jpg
06/30/2025 11:38:56.907 - ProductScraper - INFO: Subiendo producto con key: data/scraped_data/products/220350.jsonl
06/30/2025 11:38:57.635 - ProductScraper - INFO: Subiendo imagen con key: data/scraped_data/images/241887/241887.jpg
06/30/2025 11:38:57.944 - ProductScraper - INFO: Subiendo producto con key: data/scraped_data/products/241887.jsonl
06/30/2025 11:38:58.456 - ProductScraper - INFO: Subiendo imagen con key: data/scraped_data/images/700071/700071.jpg
06/30/2025 11:38:58.763 - ProductScraper - INFO: Subiendo producto con key: data/scraped_data/products/700071.jsonl
06/30/2025 11:38:59.378 - ProductScraper - INFO: Subiendo imagen con key: data/scraped_data/images/663074/663074.jpg
06/30/2025 11:38:59.682 - ProductScraper - INFO: Subiendo producto con key: data/scraped_data/products/663074.jsonl
06/30/2025 11:39:00.384 - ProductScraper - INFO: Subiendo imagen con key: data/scraped_data/images/511361/511361.jpg
06/30/2025 11:39:00.688 - ProductScraper - INFO: Subiendo producto con key: data/scraped_data/products/511361.jsonl
06/30/2025 11:39:01.469 - ProductScraper - INFO: Subiendo imagen con key: data/scraped_data/images/682002/682002.jpg
06/30/2025 11:39:01.771 - ProductScraper - INFO: Subiendo producto con key: data/scraped_data/products/682002.jsonl
06/30/2025 11:39:02.590 - ProductScraper - INFO: Subiendo imagen con key: data/scraped_data/images/633528/633528.jpg
06/30/2025 11:39:02.939 - ProductScraper - INFO: Subiendo producto con key: data/scraped_data/products/633528.jsonl
06/30/2025 11:39:03.899 - ProductScraper - INFO: Subiendo imagen con key: data/scraped_data/images/575405/575405.jpg
06/30/2025 11:39:04.240 - ProductScraper - INFO: Subiendo producto con key: data/scraped_data/products/575405.jsonl
06/30/2025 11:39:05.407 - ProductScraper - INFO: Subiendo imagen con key: data/scraped_data/images/751869/751869.jpg
06/30/2025 11:39:05.741 - ProductScraper - INFO: Subiendo producto con key: data/scraped_data/products/751869.jsonl
06/30/2025 11:39:06.353 - ProductScraper - INFO: Subiendo imagen con key: data/scraped_data/images/640450/640450.jpg
06/30/2025 11:39:06.674 - ProductScraper - INFO: Subiendo producto con key: data/scraped_data/products/640450.jsonl
06/30/2025 11:39:07.347 - ProductScraper - INFO: Subiendo imagen con key: data/scraped_data/images/660827/660827.jpg
06/30/2025 11:39:07.656 - ProductScraper - INFO: Subiendo producto con key: data/scraped_data/products/660827.jsonl
06/30/2025 11:39:08.620 - ProductScraper - INFO: Subiendo imagen con key: data/scraped_data/images/210208/210208.jpg
06/30/2025 11:39:08.931 - ProductScraper - INFO: Subiendo producto con key: data/scraped_data/products/210208.jsonl
06/30/2025 11:39:09.811 - ProductScraper - INFO: Subiendo imagen con key: data/scraped_data/images/345447/345447.jpg
06/30/2025 11:39:10.128 - ProductScraper - INFO: Subiendo producto con key: data/scraped_data/products/345447.jsonl
06/30/2025 11:39:11.051 - ProductScraper - INFO: Subiendo imagen con key: data/scraped_data/images/662271/662271.jpg
06/30/2025 11:39:11.358 - ProductScraper - INFO: Subiendo producto con key: data/scraped_data/products/662271.jsonl
06/30/2025 11:39:12.410 - ProductScraper - INFO: Subiendo imagen con key: data/scraped_data/images/633081/633081.jpg
06/30/2025 11:39:12.722 - ProductScraper - INFO: Subiendo producto con key: data/scraped_data/products/633081.jsonl
06/30/2025 11:39:13.078 - ProductScraper - INFO: Subiendo imagen con key: data/scraped_data/images/640716/640716.jpg
06/30/2025 11:39:13.383 - ProductScraper - INFO: Subiendo producto con key: data/scraped_data/products/640716.jsonl
06/30/2025 11:39:14.343 - ProductScraper - INFO: Subiendo imagen con key: data/scraped_data/images/661163/661163.jpg
06/30/2025 11:39:14.673 - ProductScraper - INFO: Subiendo producto con key: data/scraped_data/products/661163.jsonl
06/30/2025 11:39:15.669 - ProductScraper - INFO: Subiendo imagen con key: data/scraped_data/images/669795/669795.jpg
06/30/2025 11:39:15.974 - ProductScraper - INFO: Subiendo producto con key: data/scraped_data/products/669795.jsonl
06/30/2025 11:39:16.914 - ProductScraper - INFO: Subiendo imagen con key: data/scraped_data/images/669296/669296.jpg
06/30/2025 11:39:17.240 - ProductScraper - INFO: Subiendo producto con key: data/scraped_data/products/669296.jsonl
06/30/2025 11:39:18.193 - ProductScraper - INFO: Subiendo imagen con key: data/scraped_data/images/345448/345448.jpg
06/30/2025 11:39:18.506 - ProductScraper - INFO: Subiendo producto con key: data/scraped_data/products/345448.jsonl
06/30/2025 11:39:19.587 - ProductScraper - INFO: Subiendo imagen con key: data/scraped_data/images/633012/633012.jpg
06/30/2025 11:39:19.896 - ProductScraper - INFO: Subiendo producto con key: data/scraped_data/products/633012.jsonl
06/30/2025 11:39:20.977 - ProductScraper - INFO: Subiendo imagen con key: data/scraped_data/images/633318/633318.jpg
06/30/2025 11:39:21.288 - ProductScraper - INFO: Subiendo producto con key: data/scraped_data/products/633318.jsonl
06/30/2025 11:39:22.495 - ProductScraper - INFO: Subiendo imagen con key: data/scraped_data/images/346057/346057.jpg
06/30/2025 11:39:22.839 - ProductScraper - INFO: Subiendo producto con key: data/scraped_data/products/346057.jsonl
06/30/2025 11:39:23.958 - ProductScraper - INFO: Subiendo imagen con key: data/scraped_data/images/345446/345446.jpg
06/30/2025 11:39:24.281 - ProductScraper - INFO: Subiendo producto con key: data/scraped_data/products/345446.jsonl
06/30/2025 11:39:25.210 - ProductScraper - INFO: Subiendo imagen con key: data/scraped_data/images/669767/669767.jpg
06/30/2025 11:39:25.518 - ProductScraper - INFO: Subiendo producto con key: data/scraped_data/products/669767.jsonl
06/30/2025 11:39:26.479 - ProductScraper - INFO: Subiendo imagen con key: data/scraped_data/images/602983/602983.jpg
06/30/2025 11:39:26.789 - ProductScraper - INFO: Subiendo producto con key: data/scraped_data/products/602983.jsonl
06/30/2025 11:39:27.842 - ProductScraper - INFO: Subiendo imagen con key: data/scraped_data/images/669797/669797.jpg
06/30/2025 11:39:28.149 - ProductScraper - INFO: Subiendo producto con key: data/scraped_data/products/669797.jsonl
06/30/2025 11:39:29.252 - ProductScraper - INFO: Subiendo imagen con key: data/scraped_data/images/661197/661197.jpg
06/30/2025 11:39:29.581 - ProductScraper - INFO: Subiendo producto con key: data/scraped_data/products/661197.jsonl
06/30/2025 11:39:30.773 - ProductScraper - INFO: Subiendo imagen con key: data/scraped_data/images/346020/346020.jpg
06/30/2025 11:39:31.090 - ProductScraper - INFO: Subiendo producto con key: data/scraped_data/products/346020.jsonl
06/30/2025 11:39:32.059 - ProductScraper - INFO: Subiendo imagen con key: data/scraped_data/images/662154/662154.jpg
06/30/2025 11:39:32.369 - ProductScraper - INFO: Subiendo producto con key: data/scraped_data/products/662154.jsonl
06/30/2025 11:39:33.492 - ProductScraper - INFO: Subiendo imagen con key: data/scraped_data/images/633082/633082.jpg
06/30/2025 11:39:33.824 - ProductScraper - INFO: Subiendo producto con key: data/scraped_data/products/633082.jsonl
06/30/2025 11:39:34.810 - ProductScraper - INFO: Subiendo imagen con key: data/scraped_data/images/745183/745183.jpg
06/30/2025 11:39:35.137 - ProductScraper - INFO: Subiendo producto con key: data/scraped_data/products/745183.jsonl
06/30/2025 11:39:36.123 - ProductScraper - INFO: Subiendo imagen con key: data/scraped_data/images/661169/661169.jpg
06/30/2025 11:39:36.471 - ProductScraper - INFO: Subiendo producto con key: data/scraped_data/products/661169.jsonl
06/30/2025 11:39:37.365 - ProductScraper - INFO: Subiendo imagen con key: data/scraped_data/images/602978/602978.jpg
06/30/2025 11:39:37.670 - ProductScraper - INFO: Subiendo producto con key: data/scraped_data/products/602978.jsonl
06/30/2025 11:39:38.849 - ProductScraper - INFO: Subiendo imagen con key: data/scraped_data/images/751864/751864.jpg
06/30/2025 11:39:39.195 - ProductScraper - INFO: Subiendo producto con key: data/scraped_data/products/751864.jsonl
06/30/2025 11:39:40.320 - ProductScraper - INFO: Subiendo imagen con key: data/scraped_data/images/633010/633010.jpg
06/30/2025 11:39:40.630 - ProductScraper - INFO: Subiendo producto con key: data/scraped_data/products/633010.jsonl
06/30/2025 11:39:41.358 - ProductScraper - INFO: Subiendo imagen con key: data/scraped_data/images/662155/662155.jpg
06/30/2025 11:39:41.680 - ProductScraper - INFO: Subiendo producto con key: data/scraped_data/products/662155.jsonl
06/30/2025 11:39:42.767 - ProductScraper - INFO: Subiendo imagen con key: data/scraped_data/images/345225/345225.jpg
06/30/2025 11:39:43.207 - ProductScraper - INFO: Subiendo producto con key: data/scraped_data/products/345225.jsonl
06/30/2025 11:39:44.052 - ProductScraper - INFO: Subiendo imagen con key: data/scraped_data/images/633030/633030.jpg
06/30/2025 11:39:44.371 - ProductScraper - INFO: Subiendo producto con key: data/scraped_data/products/633030.jsonl
06/30/2025 11:39:45.460 - ProductScraper - INFO: Subiendo imagen con key: data/scraped_data/images/661162/661162.jpg
06/30/2025 11:39:45.767 - ProductScraper - INFO: Subiendo producto con key: data/scraped_data/products/661162.jsonl
06/30/2025 11:39:46.597 - ProductScraper - INFO: Subiendo imagen con key: data/scraped_data/images/649026/649026.jpg
06/30/2025 11:39:46.942 - ProductScraper - INFO: Subiendo producto con key: data/scraped_data/products/649026.jsonl
06/30/2025 11:39:47.929 - ProductScraper - INFO: Subiendo imagen con key: data/scraped_data/images/601780/601780.jpg
06/30/2025 11:39:48.250 - ProductScraper - INFO: Subiendo producto con key: data/scraped_data/products/601780.jsonl
06/30/2025 11:39:49.244 - ProductScraper - INFO: Subiendo imagen con key: data/scraped_data/images/601777/601777.jpg
06/30/2025 11:39:49.554 - ProductScraper - INFO: Subiendo producto con key: data/scraped_data/products/601777.jsonl
06/30/2025 11:39:50.601 - ProductScraper - INFO: Subiendo imagen con key: data/scraped_data/images/602063/602063.jpg
06/30/2025 11:39:50.915 - ProductScraper - INFO: Subiendo producto con key: data/scraped_data/products/602063.jsonl
06/30/2025 11:39:51.882 - ProductScraper - INFO: Subiendo imagen con key: data/scraped_data/images/631194/631194.jpg
06/30/2025 11:39:52.202 - ProductScraper - INFO: Subiendo producto con key: data/scraped_data/products/631194.jsonl
06/30/2025 11:39:53.047 - ProductScraper - INFO: Subiendo imagen con key: data/scraped_data/images/345175/345175.jpg
06/30/2025 11:39:53.890 - ProductScraper - INFO: Subiendo producto con key: data/scraped_data/products/345175.jsonl
06/30/2025 11:39:54.971 - ProductScraper - INFO: Subiendo imagen con key: data/scraped_data/images/666992/666992.jpg
06/30/2025 11:39:55.278 - ProductScraper - INFO: Subiendo producto con key: data/scraped_data/products/666992.jsonl
06/30/2025 11:39:56.250 - ProductScraper - INFO: Subiendo imagen con key: data/scraped_data/images/602546/602546.jpg
06/30/2025 11:39:56.557 - ProductScraper - INFO: Subiendo producto con key: data/scraped_data/products/602546.jsonl
06/30/2025 11:39:57.517 - ProductScraper - INFO: Subiendo imagen con key: data/scraped_data/images/523035/523035.jpg
06/30/2025 11:39:57.827 - ProductScraper - INFO: Subiendo producto con key: data/scraped_data/products/523035.jsonl
06/30/2025 11:39:58.887 - ProductScraper - INFO: Subiendo imagen con key: data/scraped_data/images/616091/616091.jpg
06/30/2025 11:39:59.193 - ProductScraper - INFO: Subiendo producto con key: data/scraped_data/products/616091.jsonl
06/30/2025 11:40:00.269 - ProductScraper - INFO: Subiendo imagen con key: data/scraped_data/images/662398/662398.jpg
06/30/2025 11:40:00.576 - ProductScraper - INFO: Subiendo producto con key: data/scraped_data/products/662398.jsonl
06/30/2025 11:40:01.451 - ProductScraper - INFO: Subiendo imagen con key: data/scraped_data/images/345451/345451.jpg
06/30/2025 11:40:01.780 - ProductScraper - INFO: Subiendo producto con key: data/scraped_data/products/345451.jsonl
06/30/2025 11:40:02.699 - ProductScraper - INFO: Subiendo imagen con key: data/scraped_data/images/660437/660437.jpg
06/30/2025 11:40:02.998 - ProductScraper - INFO: Subiendo producto con key: data/scraped_data/products/660437.jsonl
06/30/2025 11:40:03.778 - ProductScraper - INFO: Subiendo imagen con key: data/scraped_data/images/345187/345187.jpg
06/30/2025 11:40:04.080 - ProductScraper - INFO: Subiendo producto con key: data/scraped_data/products/345187.jsonl
06/30/2025 11:40:05.059 - ProductScraper - INFO: Subiendo imagen con key: data/scraped_data/images/602318/602318.jpg
06/30/2025 11:40:05.396 - ProductScraper - INFO: Subiendo producto con key: data/scraped_data/products/602318.jsonl
06/30/2025 11:40:06.469 - ProductScraper - INFO: Subiendo imagen con key: data/scraped_data/images/649012/649012.jpg
06/30/2025 11:40:06.815 - ProductScraper - INFO: Subiendo producto con key: data/scraped_data/products/649012.jsonl
06/30/2025 11:40:07.705 - ProductScraper - INFO: Subiendo imagen con key: data/scraped_data/images/379296/379296.jpg
06/30/2025 11:40:08.007 - ProductScraper - INFO: Subiendo producto con key: data/scraped_data/products/379296.jsonl
06/30/2025 11:40:08.857 - ProductScraper - INFO: Subiendo imagen con key: data/scraped_data/images/345223/345223.jpg
06/30/2025 11:40:09.164 - ProductScraper - INFO: Subiendo producto con key: data/scraped_data/products/345223.jsonl
06/30/2025 11:40:10.239 - ProductScraper - INFO: Subiendo imagen con key: data/scraped_data/images/345470/345470.jpg
06/30/2025 11:40:10.575 - ProductScraper - INFO: Subiendo producto con key: data/scraped_data/products/345470.jsonl
06/30/2025 11:40:11.570 - ProductScraper - INFO: Subiendo imagen con key: data/scraped_data/images/345450/345450.jpg
06/30/2025 11:40:11.895 - ProductScraper - INFO: Subiendo producto con key: data/scraped_data/products/345450.jsonl
06/30/2025 11:40:12.621 - ProductScraper - INFO: Subiendo imagen con key: data/scraped_data/images/711490/711490.jpg
06/30/2025 11:40:12.943 - ProductScraper - INFO: Subiendo producto con key: data/scraped_data/products/711490.jsonl
06/30/2025 11:40:13.900 - ProductScraper - INFO: Subiendo imagen con key: data/scraped_data/images/674945/674945.jpg
06/30/2025 11:40:14.237 - ProductScraper - INFO: Subiendo producto con key: data/scraped_data/products/674945.jsonl
06/30/2025 11:40:15.356 - ProductScraper - INFO: Subiendo imagen con key: data/scraped_data/images/502008/502008.jpg
06/30/2025 11:40:15.693 - ProductScraper - INFO: Subiendo producto con key: data/scraped_data/products/502008.jsonl
06/30/2025 11:40:16.101 - ProductScraper - INFO: Subiendo imagen con key: data/scraped_data/images/601711/601711.jpg
06/30/2025 11:40:16.399 - ProductScraper - INFO: Subiendo producto con key: data/scraped_data/products/601711.jsonl
06/30/2025 11:40:17.455 - ProductScraper - INFO: Subiendo imagen con key: data/scraped_data/images/751876/751876.jpg
06/30/2025 11:40:17.784 - ProductScraper - INFO: Subiendo producto con key: data/scraped_data/products/751876.jsonl
06/30/2025 11:40:18.786 - ProductScraper - INFO: Subiendo imagen con key: data/scraped_data/images/521120/521120.jpg
06/30/2025 11:40:19.088 - ProductScraper - INFO: Subiendo producto con key: data/scraped_data/products/521120.jsonl
06/30/2025 11:40:19.806 - ProductScraper - INFO: Subiendo imagen con key: data/scraped_data/images/663993/663993.jpg
06/30/2025 11:40:20.163 - ProductScraper - INFO: Subiendo producto con key: data/scraped_data/products/663993.jsonl
06/30/2025 11:40:21.051 - ProductScraper - INFO: Subiendo imagen con key: data/scraped_data/images/502002/502002.jpg
06/30/2025 11:40:21.396 - ProductScraper - INFO: Subiendo producto con key: data/scraped_data/products/502002.jsonl
06/30/2025 11:40:22.227 - ProductScraper - INFO: Subiendo imagen con key: data/scraped_data/images/602451/602451.jpg
06/30/2025 11:40:22.533 - ProductScraper - INFO: Subiendo producto con key: data/scraped_data/products/602451.jsonl
06/30/2025 11:40:23.551 - ProductScraper - INFO: Subiendo imagen con key: data/scraped_data/images/523039/523039.jpg
06/30/2025 11:40:23.858 - ProductScraper - INFO: Subiendo producto con key: data/scraped_data/products/523039.jsonl
06/30/2025 11:40:24.852 - ProductScraper - INFO: Subiendo imagen con key: data/scraped_data/images/521099/521099.jpg
06/30/2025 11:40:25.183 - ProductScraper - INFO: Subiendo producto con key: data/scraped_data/products/521099.jsonl
06/30/2025 11:40:26.163 - ProductScraper - INFO: Subiendo imagen con key: data/scraped_data/images/346248/346248.jpg
06/30/2025 11:40:26.475 - ProductScraper - INFO: Subiendo producto con key: data/scraped_data/products/346248.jsonl
06/30/2025 11:40:27.085 - ProductScraper - INFO: Subiendo imagen con key: data/scraped_data/images/744573/744573.jpg
06/30/2025 11:40:27.381 - ProductScraper - INFO: Subiendo producto con key: data/scraped_data/products/744573.jsonl
06/30/2025 11:40:28.547 - ProductScraper - INFO: Subiendo imagen con key: data/scraped_data/images/730052/730052.jpg
06/30/2025 11:40:28.854 - ProductScraper - INFO: Subiendo producto con key: data/scraped_data/products/730052.jsonl
06/30/2025 11:40:29.841 - ProductScraper - INFO: Subiendo imagen con key: data/scraped_data/images/345188/345188.jpg
06/30/2025 11:40:30.148 - ProductScraper - INFO: Subiendo producto con key: data/scraped_data/products/345188.jsonl
06/30/2025 11:40:31.023 - ProductScraper - INFO: Subiendo imagen con key: data/scraped_data/images/373552/373552.jpg
06/30/2025 11:40:31.326 - ProductScraper - INFO: Subiendo producto con key: data/scraped_data/products/373552.jsonl
06/30/2025 11:40:32.373 - ProductScraper - INFO: Subiendo imagen con key: data/scraped_data/images/602549/602549.jpg
06/30/2025 11:40:32.730 - ProductScraper - INFO: Subiendo producto con key: data/scraped_data/products/602549.jsonl
06/30/2025 11:40:33.765 - ProductScraper - INFO: Subiendo imagen con key: data/scraped_data/images/346662/346662.jpg
06/30/2025 11:40:34.097 - ProductScraper - INFO: Subiendo producto con key: data/scraped_data/products/346662.jsonl
06/30/2025 11:40:35.042 - ProductScraper - INFO: Subiendo imagen con key: data/scraped_data/images/521101/521101.jpg
06/30/2025 11:40:35.371 - ProductScraper - INFO: Subiendo producto con key: data/scraped_data/products/521101.jsonl
06/30/2025 11:40:36.284 - ProductScraper - INFO: Subiendo imagen con key: data/scraped_data/images/633002/633002.jpg
06/30/2025 11:40:36.618 - ProductScraper - INFO: Subiendo producto con key: data/scraped_data/products/633002.jsonl
06/30/2025 11:40:38.571 - ProductScraper - INFO: Subiendo imagen con key: data/scraped_data/images/660362/660362.jpg
06/30/2025 11:40:38.872 - ProductScraper - INFO: Subiendo producto con key: data/scraped_data/products/660362.jsonl
06/30/2025 11:40:39.953 - ProductScraper - INFO: Subiendo imagen con key: data/scraped_data/images/379176/379176.jpg
06/30/2025 11:40:40.283 - ProductScraper - INFO: Subiendo producto con key: data/scraped_data/products/379176.jsonl
06/30/2025 11:40:41.384 - ProductScraper - INFO: Subiendo imagen con key: data/scraped_data/images/270417/270417.jpg
06/30/2025 11:40:41.701 - ProductScraper - INFO: Subiendo producto con key: data/scraped_data/products/270417.jsonl
06/30/2025 11:40:42.793 - ProductScraper - INFO: Subiendo imagen con key: data/scraped_data/images/704298/704298.jpg
06/30/2025 11:40:43.130 - ProductScraper - INFO: Subiendo producto con key: data/scraped_data/products/704298.jsonl
06/30/2025 11:40:44.028 - ProductScraper - INFO: Subiendo imagen con key: data/scraped_data/images/744131/744131.jpg
06/30/2025 11:40:44.329 - ProductScraper - INFO: Subiendo producto con key: data/scraped_data/products/744131.jsonl
06/30/2025 11:40:45.300 - ProductScraper - INFO: Subiendo imagen con key: data/scraped_data/images/660327/660327.jpg
06/30/2025 11:40:45.604 - ProductScraper - INFO: Subiendo producto con key: data/scraped_data/products/660327.jsonl
06/30/2025 11:40:46.433 - ProductScraper - INFO: Subiendo imagen con key: data/scraped_data/images/662955/662955.jpg
06/30/2025 11:40:46.755 - ProductScraper - INFO: Subiendo producto con key: data/scraped_data/products/662955.jsonl
06/30/2025 11:40:47.611 - ProductScraper - INFO: Subiendo imagen con key: data/scraped_data/images/345221/345221.jpg
06/30/2025 11:40:47.950 - ProductScraper - INFO: Subiendo producto con key: data/scraped_data/products/345221.jsonl
06/30/2025 11:40:48.907 - ProductScraper - INFO: Subiendo imagen con key: data/scraped_data/images/649294/649294.jpg
06/30/2025 11:40:49.230 - ProductScraper - INFO: Subiendo producto con key: data/scraped_data/products/649294.jsonl
06/30/2025 11:40:50.306 - ProductScraper - INFO: Subiendo imagen con key: data/scraped_data/images/346308/346308.jpg
06/30/2025 11:40:50.613 - ProductScraper - INFO: Subiendo producto con key: data/scraped_data/products/346308.jsonl
06/30/2025 11:40:51.461 - ProductScraper - INFO: Subiendo imagen con key: data/scraped_data/images/744033/744033.jpg
06/30/2025 11:40:51.777 - ProductScraper - INFO: Subiendo producto con key: data/scraped_data/products/744033.jsonl
06/30/2025 11:40:52.844 - ProductScraper - INFO: Subiendo imagen con key: data/scraped_data/images/602806/602806.jpg
06/30/2025 11:40:53.162 - ProductScraper - INFO: Subiendo producto con key: data/scraped_data/products/602806.jsonl
06/30/2025 11:40:54.101 - ProductScraper - INFO: Subiendo imagen con key: data/scraped_data/images/664235/664235.jpg
06/30/2025 11:40:54.429 - ProductScraper - INFO: Subiendo producto con key: data/scraped_data/products/664235.jsonl
06/30/2025 11:40:55.292 - ProductScraper - INFO: Subiendo imagen con key: data/scraped_data/images/602940/602940.jpg
06/30/2025 11:40:55.595 - ProductScraper - INFO: Subiendo producto con key: data/scraped_data/products/602940.jsonl
06/30/2025 11:40:56.539 - ProductScraper - INFO: Subiendo imagen con key: data/scraped_data/images/660233/660233.jpg
06/30/2025 11:40:56.840 - ProductScraper - INFO: Subiendo producto con key: data/scraped_data/products/660233.jsonl
06/30/2025 11:40:58.970 - ProductScraper - INFO: Subiendo imagen con key: data/scraped_data/images/573529/573529.jpg
06/30/2025 11:40:59.781 - ProductScraper - INFO: Subiendo producto con key: data/scraped_data/products/573529.jsonl
06/30/2025 11:41:00.759 - ProductScraper - INFO: Subiendo imagen con key: data/scraped_data/images/660438/660438.jpg
06/30/2025 11:41:01.082 - ProductScraper - INFO: Subiendo producto con key: data/scraped_data/products/660438.jsonl
06/30/2025 11:41:01.881 - ProductScraper - INFO: Subiendo imagen con key: data/scraped_data/images/523028/523028.jpg
06/30/2025 11:41:02.191 - ProductScraper - INFO: Subiendo producto con key: data/scraped_data/products/523028.jsonl
06/30/2025 11:41:02.920 - ProductScraper - INFO: Subiendo imagen con key: data/scraped_data/images/704391/704391.jpg
06/30/2025 11:41:03.242 - ProductScraper - INFO: Subiendo producto con key: data/scraped_data/products/704391.jsonl
06/30/2025 11:41:04.161 - ProductScraper - INFO: Subiendo imagen con key: data/scraped_data/images/373812/373812.jpg
06/30/2025 11:41:04.468 - ProductScraper - INFO: Subiendo producto con key: data/scraped_data/products/373812.jsonl
06/30/2025 11:41:05.532 - ProductScraper - INFO: Subiendo imagen con key: data/scraped_data/images/517580/517580.jpg
06/30/2025 11:41:05.889 - ProductScraper - INFO: Subiendo producto con key: data/scraped_data/products/517580.jsonl
06/30/2025 11:41:06.862 - ProductScraper - INFO: Subiendo imagen con key: data/scraped_data/images/346836/346836.jpg
06/30/2025 11:41:07.190 - ProductScraper - INFO: Subiendo producto con key: data/scraped_data/products/346836.jsonl
06/30/2025 11:41:08.106 - ProductScraper - INFO: Subiendo imagen con key: data/scraped_data/images/602649/602649.jpg
06/30/2025 11:41:08.414 - ProductScraper - INFO: Subiendo producto con key: data/scraped_data/products/602649.jsonl
06/30/2025 11:41:09.201 - ProductScraper - INFO: Subiendo imagen con key: data/scraped_data/images/602656/602656.jpg
06/30/2025 11:41:09.524 - ProductScraper - INFO: Subiendo producto con key: data/scraped_data/products/602656.jsonl
06/30/2025 11:41:10.644 - ProductScraper - INFO: Subiendo imagen con key: data/scraped_data/images/602506/602506.jpg
06/30/2025 11:41:10.959 - ProductScraper - INFO: Subiendo producto con key: data/scraped_data/products/602506.jsonl
06/30/2025 11:41:11.956 - ProductScraper - INFO: Subiendo imagen con key: data/scraped_data/images/730060/730060.jpg
06/30/2025 11:41:12.260 - ProductScraper - INFO: Subiendo producto con key: data/scraped_data/products/730060.jsonl
06/30/2025 11:41:13.046 - ProductScraper - INFO: Subiendo imagen con key: data/scraped_data/images/502004/502004.jpg
06/30/2025 11:41:13.354 - ProductScraper - INFO: Subiendo producto con key: data/scraped_data/products/502004.jsonl
06/30/2025 11:41:14.419 - ProductScraper - INFO: Subiendo imagen con key: data/scraped_data/images/346258/346258.jpg
06/30/2025 11:41:14.755 - ProductScraper - INFO: Subiendo producto con key: data/scraped_data/products/346258.jsonl
06/30/2025 11:41:15.611 - ProductScraper - INFO: Subiendo imagen con key: data/scraped_data/images/575712/575712.jpg
06/30/2025 11:41:15.921 - ProductScraper - INFO: Subiendo producto con key: data/scraped_data/products/575712.jsonl
06/30/2025 11:41:16.757 - ProductScraper - INFO: Subiendo imagen con key: data/scraped_data/images/742090/742090.jpg
06/30/2025 11:41:17.074 - ProductScraper - INFO: Subiendo producto con key: data/scraped_data/products/742090.jsonl
06/30/2025 11:41:18.053 - ProductScraper - INFO: Subiendo imagen con key: data/scraped_data/images/345184/345184.jpg
06/30/2025 11:41:18.359 - ProductScraper - INFO: Subiendo producto con key: data/scraped_data/products/345184.jsonl
06/30/2025 11:41:19.432 - ProductScraper - INFO: Subiendo imagen con key: data/scraped_data/images/601857/601857.jpg
06/30/2025 11:41:19.739 - ProductScraper - INFO: Subiendo producto con key: data/scraped_data/products/601857.jsonl
06/30/2025 11:41:20.820 - ProductScraper - INFO: Subiendo imagen con key: data/scraped_data/images/602698/602698.jpg
06/30/2025 11:41:21.146 - ProductScraper - INFO: Subiendo producto con key: data/scraped_data/products/602698.jsonl
06/30/2025 11:41:22.100 - ProductScraper - INFO: Subiendo imagen con key: data/scraped_data/images/730057/730057.jpg
06/30/2025 11:41:22.452 - ProductScraper - INFO: Subiendo producto con key: data/scraped_data/products/730057.jsonl
06/30/2025 11:41:23.444 - ProductScraper - INFO: Subiendo imagen con key: data/scraped_data/images/641136/641136.jpg
06/30/2025 11:41:23.759 - ProductScraper - INFO: Subiendo producto con key: data/scraped_data/products/641136.jsonl
06/30/2025 11:41:24.760 - ProductScraper - INFO: Subiendo imagen con key: data/scraped_data/images/732212/732212.jpg
06/30/2025 11:41:25.071 - ProductScraper - INFO: Subiendo producto con key: data/scraped_data/products/732212.jsonl
06/30/2025 11:41:26.475 - ProductScraper - INFO: Subiendo imagen con key: data/scraped_data/images/711489/711489.jpg
06/30/2025 11:41:26.786 - ProductScraper - INFO: Subiendo producto con key: data/scraped_data/products/711489.jsonl
06/30/2025 11:41:27.183 - ProductScraper - INFO: Subiendo imagen con key: data/scraped_data/images/663541/663541.jpg
06/30/2025 11:41:27.493 - ProductScraper - INFO: Subiendo producto con key: data/scraped_data/products/663541.jsonl
06/30/2025 11:41:28.447 - ProductScraper - INFO: Subiendo imagen con key: data/scraped_data/images/732273/732273.jpg
06/30/2025 11:41:28.769 - ProductScraper - INFO: Subiendo producto con key: data/scraped_data/products/732273.jsonl
06/30/2025 11:41:29.801 - ProductScraper - INFO: Subiendo imagen con key: data/scraped_data/images/666080/666080.jpg
06/30/2025 11:41:30.108 - ProductScraper - INFO: Subiendo producto con key: data/scraped_data/products/666080.jsonl
06/30/2025 11:41:30.915 - ProductScraper - INFO: Subiendo imagen con key: data/scraped_data/images/345112/345112.jpg
06/30/2025 11:41:31.226 - ProductScraper - INFO: Subiendo producto con key: data/scraped_data/products/345112.jsonl
06/30/2025 11:41:32.178 - ProductScraper - INFO: Subiendo imagen con key: data/scraped_data/images/602646/602646.jpg
06/30/2025 11:41:32.485 - ProductScraper - INFO: Subiendo producto con key: data/scraped_data/products/602646.jsonl
06/30/2025 11:41:33.322 - ProductScraper - INFO: Subiendo imagen con key: data/scraped_data/images/520090/520090.jpg
06/30/2025 11:41:33.655 - ProductScraper - INFO: Subiendo producto con key: data/scraped_data/products/520090.jsonl
06/30/2025 11:41:34.406 - ProductScraper - INFO: Subiendo imagen con key: data/scraped_data/images/510221/510221.jpg
06/30/2025 11:41:34.722 - ProductScraper - INFO: Subiendo producto con key: data/scraped_data/products/510221.jsonl
06/30/2025 11:41:35.778 - ProductScraper - INFO: Subiendo imagen con key: data/scraped_data/images/379239/379239.jpg
06/30/2025 11:41:36.089 - ProductScraper - INFO: Subiendo producto con key: data/scraped_data/products/379239.jsonl
06/30/2025 11:41:37.164 - ProductScraper - INFO: Subiendo imagen con key: data/scraped_data/images/602829/602829.jpg
06/30/2025 11:41:37.549 - ProductScraper - INFO: Subiendo producto con key: data/scraped_data/products/602829.jsonl
06/30/2025 11:41:38.483 - ProductScraper - INFO: Subiendo imagen con key: data/scraped_data/images/622545/622545.jpg
06/30/2025 11:41:38.788 - ProductScraper - INFO: Subiendo producto con key: data/scraped_data/products/622545.jsonl
06/30/2025 11:41:39.938 - ProductScraper - INFO: Subiendo imagen con key: data/scraped_data/images/345110/345110.jpg
06/30/2025 11:41:40.256 - ProductScraper - INFO: Subiendo producto con key: data/scraped_data/products/345110.jsonl
06/30/2025 11:41:41.270 - ProductScraper - INFO: Subiendo imagen con key: data/scraped_data/images/602741/602741.jpg
06/30/2025 11:41:41.579 - ProductScraper - INFO: Subiendo producto con key: data/scraped_data/products/602741.jsonl
06/30/2025 11:41:42.528 - ProductScraper - INFO: Subiendo imagen con key: data/scraped_data/images/660115/660115.jpg
06/30/2025 11:41:42.861 - ProductScraper - INFO: Subiendo producto con key: data/scraped_data/products/660115.jsonl
06/30/2025 11:41:43.933 - ProductScraper - INFO: Subiendo imagen con key: data/scraped_data/images/730037/730037.jpg
06/30/2025 11:41:44.261 - ProductScraper - INFO: Subiendo producto con key: data/scraped_data/products/730037.jsonl
06/30/2025 11:41:45.032 - ProductScraper - INFO: Subiendo imagen con key: data/scraped_data/images/660111/660111.jpg
06/30/2025 11:41:45.362 - ProductScraper - INFO: Subiendo producto con key: data/scraped_data/products/660111.jsonl
06/30/2025 11:41:46.184 - ProductScraper - INFO: Subiendo imagen con key: data/scraped_data/images/660885/660885.jpg
06/30/2025 11:41:46.492 - ProductScraper - INFO: Subiendo producto con key: data/scraped_data/products/660885.jsonl
06/30/2025 11:41:47.504 - ProductScraper - INFO: Subiendo imagen con key: data/scraped_data/images/735001/735001.jpg
06/30/2025 11:41:47.825 - ProductScraper - INFO: Subiendo producto con key: data/scraped_data/products/735001.jsonl
06/30/2025 11:41:48.660 - ProductScraper - INFO: Subiendo imagen con key: data/scraped_data/images/602980/602980.jpg
06/30/2025 11:41:48.978 - ProductScraper - INFO: Subiendo producto con key: data/scraped_data/products/602980.jsonl
06/30/2025 11:41:50.096 - ProductScraper - INFO: Subiendo imagen con key: data/scraped_data/images/662703/662703.jpg
06/30/2025 11:41:50.415 - ProductScraper - INFO: Subiendo producto con key: data/scraped_data/products/662703.jsonl
06/30/2025 11:41:51.271 - ProductScraper - INFO: Subiendo imagen con key: data/scraped_data/images/345509/345509.jpg
06/30/2025 11:41:51.580 - ProductScraper - INFO: Subiendo producto con key: data/scraped_data/products/345509.jsonl
06/30/2025 11:41:52.188 - ProductScraper - INFO: Subiendo imagen con key: data/scraped_data/images/472283/472283.jpg
06/30/2025 11:41:52.492 - ProductScraper - INFO: Subiendo producto con key: data/scraped_data/products/472283.jsonl
06/30/2025 11:41:53.709 - ProductScraper - INFO: Subiendo imagen con key: data/scraped_data/images/631196/631196.jpg
06/30/2025 11:41:54.035 - ProductScraper - INFO: Subiendo producto con key: data/scraped_data/products/631196.jsonl
06/30/2025 11:41:54.991 - ProductScraper - INFO: Subiendo imagen con key: data/scraped_data/images/660201/660201.jpg
06/30/2025 11:41:55.298 - ProductScraper - INFO: Subiendo producto con key: data/scraped_data/products/660201.jsonl
06/30/2025 11:41:55.765 - ProductScraper - INFO: Finished scraping products
06/30/2025 11:41:56.489 - Pipeline - INFO: 
✅ Proceso terminado. Resultados guardados en etiquetas_octogonos.csv
06/30/2025 11:59:48.740 - Pipeline - INFO: Usando bucket: 1000-imagenes-scrapper-obligatorio-ml | Región: us-east-1
06/30/2025 11:59:48.741 - Pipeline - INFO: [INFO] Ejecutando scraping...
06/30/2025 11:59:49.726 - ProductScraper - INFO: Starting product scraper
07/01/2025 12:00:27.419 - ProductScraper - INFO: Found 130 products
07/01/2025 12:00:28.501 - ProductScraper - INFO: Subiendo imagen con key: data/scraped_data/images/220376/220376.jpg
07/01/2025 12:00:29.496 - ProductScraper - INFO: Subiendo producto con key: data/scraped_data/products/220376.jsonl
07/01/2025 12:00:29.993 - ProductScraper - INFO: Subiendo imagen con key: data/scraped_data/images/220359/220359.jpg
07/01/2025 12:00:30.305 - ProductScraper - INFO: Subiendo producto con key: data/scraped_data/products/220359.jsonl
07/01/2025 12:00:30.694 - ProductScraper - INFO: Subiendo imagen con key: data/scraped_data/images/220386/220386.jpg
07/01/2025 12:00:31.017 - ProductScraper - INFO: Subiendo producto con key: data/scraped_data/products/220386.jsonl
07/01/2025 12:00:31.408 - ProductScraper - INFO: Subiendo imagen con key: data/scraped_data/images/220375/220375.jpg
07/01/2025 12:00:31.714 - ProductScraper - INFO: Subiendo producto con key: data/scraped_data/products/220375.jsonl
07/01/2025 12:00:32.107 - ProductScraper - INFO: Subiendo imagen con key: data/scraped_data/images/220385/220385.jpg
07/01/2025 12:00:32.444 - ProductScraper - INFO: Subiendo producto con key: data/scraped_data/products/220385.jsonl
07/01/2025 12:00:32.886 - ProductScraper - INFO: Subiendo imagen con key: data/scraped_data/images/220350/220350.jpg
07/01/2025 12:00:33.226 - ProductScraper - INFO: Subiendo producto con key: data/scraped_data/products/220350.jsonl
07/01/2025 12:00:33.672 - ProductScraper - INFO: Subiendo imagen con key: data/scraped_data/images/241887/241887.jpg
07/01/2025 12:00:33.979 - ProductScraper - INFO: Subiendo producto con key: data/scraped_data/products/241887.jsonl
07/01/2025 12:00:34.372 - ProductScraper - INFO: Subiendo imagen con key: data/scraped_data/images/700071/700071.jpg
07/01/2025 12:00:34.676 - ProductScraper - INFO: Subiendo producto con key: data/scraped_data/products/700071.jsonl
07/01/2025 12:00:35.145 - ProductScraper - INFO: Subiendo imagen con key: data/scraped_data/images/663074/663074.jpg
07/01/2025 12:00:35.467 - ProductScraper - INFO: Subiendo producto con key: data/scraped_data/products/663074.jsonl
07/01/2025 12:00:35.852 - ProductScraper - INFO: Subiendo imagen con key: data/scraped_data/images/511361/511361.jpg
07/01/2025 12:00:36.160 - ProductScraper - INFO: Subiendo producto con key: data/scraped_data/products/511361.jsonl
07/01/2025 12:00:36.553 - ProductScraper - INFO: Subiendo imagen con key: data/scraped_data/images/633528/633528.jpg
07/01/2025 12:00:36.864 - ProductScraper - INFO: Subiendo producto con key: data/scraped_data/products/633528.jsonl
07/01/2025 12:00:37.258 - ProductScraper - INFO: Subiendo imagen con key: data/scraped_data/images/575405/575405.jpg
07/01/2025 12:00:37.567 - ProductScraper - INFO: Subiendo producto con key: data/scraped_data/products/575405.jsonl
07/01/2025 12:00:37.985 - ProductScraper - INFO: Subiendo imagen con key: data/scraped_data/images/751869/751869.jpg
07/01/2025 12:00:38.329 - ProductScraper - INFO: Subiendo producto con key: data/scraped_data/products/751869.jsonl
07/01/2025 12:00:38.787 - ProductScraper - INFO: Subiendo imagen con key: data/scraped_data/images/640450/640450.jpg
07/01/2025 12:00:39.096 - ProductScraper - INFO: Subiendo producto con key: data/scraped_data/products/640450.jsonl
07/01/2025 12:00:39.478 - ProductScraper - INFO: Subiendo imagen con key: data/scraped_data/images/660827/660827.jpg
07/01/2025 12:00:39.782 - ProductScraper - INFO: Subiendo producto con key: data/scraped_data/products/660827.jsonl
07/01/2025 12:00:40.173 - ProductScraper - INFO: Subiendo imagen con key: data/scraped_data/images/210208/210208.jpg
07/01/2025 12:00:40.497 - ProductScraper - INFO: Subiendo producto con key: data/scraped_data/products/210208.jsonl
07/01/2025 12:00:40.890 - ProductScraper - INFO: Subiendo imagen con key: data/scraped_data/images/345447/345447.jpg
07/01/2025 12:00:41.215 - ProductScraper - INFO: Subiendo producto con key: data/scraped_data/products/345447.jsonl
07/01/2025 12:00:41.644 - ProductScraper - INFO: Subiendo imagen con key: data/scraped_data/images/662271/662271.jpg
07/01/2025 12:00:41.947 - ProductScraper - INFO: Subiendo producto con key: data/scraped_data/products/662271.jsonl
07/01/2025 12:00:42.367 - ProductScraper - INFO: Subiendo imagen con key: data/scraped_data/images/633081/633081.jpg
07/01/2025 12:00:42.671 - ProductScraper - INFO: Subiendo producto con key: data/scraped_data/products/633081.jsonl
07/01/2025 12:00:43.034 - ProductScraper - INFO: Subiendo imagen con key: data/scraped_data/images/640716/640716.jpg
07/01/2025 12:00:43.345 - ProductScraper - INFO: Subiendo producto con key: data/scraped_data/products/640716.jsonl
07/01/2025 12:00:43.717 - ProductScraper - INFO: Subiendo imagen con key: data/scraped_data/images/640716/640716.jpg
07/01/2025 12:00:44.026 - ProductScraper - INFO: Subiendo producto con key: data/scraped_data/products/640716.jsonl
07/01/2025 12:00:44.474 - ProductScraper - INFO: Subiendo imagen con key: data/scraped_data/images/661163/661163.jpg
07/01/2025 12:00:44.785 - ProductScraper - INFO: Subiendo producto con key: data/scraped_data/products/661163.jsonl
07/01/2025 12:00:45.182 - ProductScraper - INFO: Subiendo imagen con key: data/scraped_data/images/669795/669795.jpg
07/01/2025 12:00:45.496 - ProductScraper - INFO: Subiendo producto con key: data/scraped_data/products/669795.jsonl
07/01/2025 12:00:45.903 - ProductScraper - INFO: Subiendo imagen con key: data/scraped_data/images/669296/669296.jpg
07/01/2025 12:00:46.210 - ProductScraper - INFO: Subiendo producto con key: data/scraped_data/products/669296.jsonl
07/01/2025 12:00:46.608 - ProductScraper - INFO: Subiendo imagen con key: data/scraped_data/images/345448/345448.jpg
07/01/2025 12:00:46.934 - ProductScraper - INFO: Subiendo producto con key: data/scraped_data/products/345448.jsonl
07/01/2025 12:00:47.338 - ProductScraper - INFO: Subiendo imagen con key: data/scraped_data/images/633012/633012.jpg
07/01/2025 12:00:47.665 - ProductScraper - INFO: Subiendo producto con key: data/scraped_data/products/633012.jsonl
07/01/2025 12:00:48.073 - ProductScraper - INFO: Subiendo imagen con key: data/scraped_data/images/633318/633318.jpg
07/01/2025 12:00:48.442 - ProductScraper - INFO: Subiendo producto con key: data/scraped_data/products/633318.jsonl
07/01/2025 12:00:48.841 - ProductScraper - INFO: Subiendo imagen con key: data/scraped_data/images/346057/346057.jpg
07/01/2025 12:00:49.162 - ProductScraper - INFO: Subiendo producto con key: data/scraped_data/products/346057.jsonl
07/01/2025 12:00:49.565 - ProductScraper - INFO: Subiendo imagen con key: data/scraped_data/images/345446/345446.jpg
07/01/2025 12:00:49.915 - ProductScraper - INFO: Subiendo producto con key: data/scraped_data/products/345446.jsonl
07/01/2025 12:00:50.366 - ProductScraper - INFO: Subiendo imagen con key: data/scraped_data/images/669767/669767.jpg
07/01/2025 12:00:50.704 - ProductScraper - INFO: Subiendo producto con key: data/scraped_data/products/669767.jsonl
07/01/2025 12:00:51.236 - ProductScraper - INFO: Subiendo imagen con key: data/scraped_data/images/602983/602983.jpg
07/01/2025 12:00:51.583 - ProductScraper - INFO: Subiendo producto con key: data/scraped_data/products/602983.jsonl
07/01/2025 12:00:51.973 - ProductScraper - INFO: Subiendo imagen con key: data/scraped_data/images/669797/669797.jpg
07/01/2025 12:00:52.300 - ProductScraper - INFO: Subiendo producto con key: data/scraped_data/products/669797.jsonl
07/01/2025 12:00:52.694 - ProductScraper - INFO: Subiendo imagen con key: data/scraped_data/images/661197/661197.jpg
07/01/2025 12:00:53.026 - ProductScraper - INFO: Subiendo producto con key: data/scraped_data/products/661197.jsonl
07/01/2025 12:00:53.447 - ProductScraper - INFO: Subiendo imagen con key: data/scraped_data/images/346020/346020.jpg
07/01/2025 12:00:53.790 - ProductScraper - INFO: Subiendo producto con key: data/scraped_data/products/346020.jsonl
07/01/2025 12:00:54.193 - ProductScraper - INFO: Subiendo imagen con key: data/scraped_data/images/662154/662154.jpg
07/01/2025 12:00:54.517 - ProductScraper - INFO: Subiendo producto con key: data/scraped_data/products/662154.jsonl
07/01/2025 12:00:54.956 - ProductScraper - INFO: Subiendo imagen con key: data/scraped_data/images/633082/633082.jpg
07/01/2025 12:00:55.278 - ProductScraper - INFO: Subiendo producto con key: data/scraped_data/products/633082.jsonl
07/01/2025 12:00:55.673 - ProductScraper - INFO: Subiendo imagen con key: data/scraped_data/images/745183/745183.jpg
07/01/2025 12:00:55.983 - ProductScraper - INFO: Subiendo producto con key: data/scraped_data/products/745183.jsonl
07/01/2025 12:00:56.408 - ProductScraper - INFO: Subiendo imagen con key: data/scraped_data/images/661169/661169.jpg
07/01/2025 12:00:56.738 - ProductScraper - INFO: Subiendo producto con key: data/scraped_data/products/661169.jsonl
07/01/2025 12:00:57.165 - ProductScraper - INFO: Subiendo imagen con key: data/scraped_data/images/602978/602978.jpg
07/01/2025 12:00:57.470 - ProductScraper - INFO: Subiendo producto con key: data/scraped_data/products/602978.jsonl
07/01/2025 12:00:57.898 - ProductScraper - INFO: Subiendo imagen con key: data/scraped_data/images/751864/751864.jpg
07/01/2025 12:00:58.223 - ProductScraper - INFO: Subiendo producto con key: data/scraped_data/products/751864.jsonl
07/01/2025 12:00:59.314 - ProductScraper - INFO: Subiendo imagen con key: data/scraped_data/images/662295/662295.jpg
07/01/2025 12:00:59.635 - ProductScraper - INFO: Subiendo producto con key: data/scraped_data/products/662295.jsonl
07/01/2025 12:01:00.529 - ProductScraper - INFO: Subiendo imagen con key: data/scraped_data/images/660857/660857.jpg
07/01/2025 12:01:00.835 - ProductScraper - INFO: Subiendo producto con key: data/scraped_data/products/660857.jsonl
07/01/2025 12:01:02.000 - ProductScraper - INFO: Subiendo imagen con key: data/scraped_data/images/682138/682138.jpg
07/01/2025 12:01:02.384 - ProductScraper - INFO: Subiendo producto con key: data/scraped_data/products/682138.jsonl
07/01/2025 12:01:03.409 - ProductScraper - INFO: Subiendo imagen con key: data/scraped_data/images/662293/662293.jpg
07/01/2025 12:01:03.727 - ProductScraper - INFO: Subiendo producto con key: data/scraped_data/products/662293.jsonl
07/01/2025 12:01:04.704 - ProductScraper - INFO: Subiendo imagen con key: data/scraped_data/images/602321/602321.jpg
07/01/2025 12:01:05.040 - ProductScraper - INFO: Subiendo producto con key: data/scraped_data/products/602321.jsonl
07/01/2025 12:01:05.435 - ProductScraper - INFO: Subiendo imagen con key: data/scraped_data/images/649026/649026.jpg
07/01/2025 12:01:05.739 - ProductScraper - INFO: Subiendo producto con key: data/scraped_data/products/649026.jsonl
07/01/2025 12:01:06.135 - ProductScraper - INFO: Subiendo imagen con key: data/scraped_data/images/601780/601780.jpg
07/01/2025 12:01:06.451 - ProductScraper - INFO: Subiendo producto con key: data/scraped_data/products/601780.jsonl
07/01/2025 12:01:06.860 - ProductScraper - INFO: Subiendo imagen con key: data/scraped_data/images/601777/601777.jpg
07/01/2025 12:01:07.178 - ProductScraper - INFO: Subiendo producto con key: data/scraped_data/products/601777.jsonl
07/01/2025 12:01:07.748 - ProductScraper - INFO: Subiendo imagen con key: data/scraped_data/images/602063/602063.jpg
07/01/2025 12:01:08.062 - ProductScraper - INFO: Subiendo producto con key: data/scraped_data/products/602063.jsonl
07/01/2025 12:01:08.457 - ProductScraper - INFO: Subiendo imagen con key: data/scraped_data/images/631194/631194.jpg
07/01/2025 12:01:08.769 - ProductScraper - INFO: Subiendo producto con key: data/scraped_data/products/631194.jsonl
07/01/2025 12:01:09.178 - ProductScraper - INFO: Subiendo imagen con key: data/scraped_data/images/345175/345175.jpg
07/01/2025 12:01:09.992 - ProductScraper - INFO: Subiendo producto con key: data/scraped_data/products/345175.jsonl
07/01/2025 12:01:10.382 - ProductScraper - INFO: Subiendo imagen con key: data/scraped_data/images/666992/666992.jpg
07/01/2025 12:01:10.690 - ProductScraper - INFO: Subiendo producto con key: data/scraped_data/products/666992.jsonl
07/01/2025 12:01:11.149 - ProductScraper - INFO: Subiendo imagen con key: data/scraped_data/images/602546/602546.jpg
07/01/2025 12:01:11.461 - ProductScraper - INFO: Subiendo producto con key: data/scraped_data/products/602546.jsonl
07/01/2025 12:01:11.851 - ProductScraper - INFO: Subiendo imagen con key: data/scraped_data/images/523035/523035.jpg
07/01/2025 12:01:12.181 - ProductScraper - INFO: Subiendo producto con key: data/scraped_data/products/523035.jsonl
07/01/2025 12:01:12.572 - ProductScraper - INFO: Subiendo imagen con key: data/scraped_data/images/616091/616091.jpg
07/01/2025 12:01:12.899 - ProductScraper - INFO: Subiendo producto con key: data/scraped_data/products/616091.jsonl
07/01/2025 12:01:13.295 - ProductScraper - INFO: Subiendo imagen con key: data/scraped_data/images/662398/662398.jpg
07/01/2025 12:01:13.603 - ProductScraper - INFO: Subiendo producto con key: data/scraped_data/products/662398.jsonl
07/01/2025 12:01:14.000 - ProductScraper - INFO: Subiendo imagen con key: data/scraped_data/images/345451/345451.jpg
07/01/2025 12:01:14.313 - ProductScraper - INFO: Subiendo producto con key: data/scraped_data/products/345451.jsonl
07/01/2025 12:01:14.702 - ProductScraper - INFO: Subiendo imagen con key: data/scraped_data/images/660437/660437.jpg
07/01/2025 12:01:15.042 - ProductScraper - INFO: Subiendo producto con key: data/scraped_data/products/660437.jsonl
07/01/2025 12:01:15.438 - ProductScraper - INFO: Subiendo imagen con key: data/scraped_data/images/345187/345187.jpg
07/01/2025 12:01:15.744 - ProductScraper - INFO: Subiendo producto con key: data/scraped_data/products/345187.jsonl
07/01/2025 12:01:16.127 - ProductScraper - INFO: Subiendo imagen con key: data/scraped_data/images/602318/602318.jpg
07/01/2025 12:01:16.449 - ProductScraper - INFO: Subiendo producto con key: data/scraped_data/products/602318.jsonl
07/01/2025 12:01:16.854 - ProductScraper - INFO: Subiendo imagen con key: data/scraped_data/images/649012/649012.jpg
07/01/2025 12:01:17.187 - ProductScraper - INFO: Subiendo producto con key: data/scraped_data/products/649012.jsonl
07/01/2025 12:01:17.579 - ProductScraper - INFO: Subiendo imagen con key: data/scraped_data/images/379296/379296.jpg
07/01/2025 12:01:17.924 - ProductScraper - INFO: Subiendo producto con key: data/scraped_data/products/379296.jsonl
07/01/2025 12:01:18.308 - ProductScraper - INFO: Subiendo imagen con key: data/scraped_data/images/345223/345223.jpg
07/01/2025 12:01:18.642 - ProductScraper - INFO: Subiendo producto con key: data/scraped_data/products/345223.jsonl
07/01/2025 12:01:19.035 - ProductScraper - INFO: Subiendo imagen con key: data/scraped_data/images/345470/345470.jpg
07/01/2025 12:01:19.364 - ProductScraper - INFO: Subiendo producto con key: data/scraped_data/products/345470.jsonl
07/01/2025 12:01:19.782 - ProductScraper - INFO: Subiendo imagen con key: data/scraped_data/images/345450/345450.jpg
07/01/2025 12:01:20.129 - ProductScraper - INFO: Subiendo producto con key: data/scraped_data/products/345450.jsonl
07/01/2025 12:01:20.515 - ProductScraper - INFO: Subiendo imagen con key: data/scraped_data/images/711490/711490.jpg
07/01/2025 12:01:20.855 - ProductScraper - INFO: Subiendo producto con key: data/scraped_data/products/711490.jsonl
07/01/2025 12:01:21.307 - ProductScraper - INFO: Subiendo imagen con key: data/scraped_data/images/674945/674945.jpg
07/01/2025 12:01:21.615 - ProductScraper - INFO: Subiendo producto con key: data/scraped_data/products/674945.jsonl
07/01/2025 12:01:22.006 - ProductScraper - INFO: Subiendo imagen con key: data/scraped_data/images/502008/502008.jpg
07/01/2025 12:01:22.313 - ProductScraper - INFO: Subiendo producto con key: data/scraped_data/products/502008.jsonl
07/01/2025 12:01:22.699 - ProductScraper - INFO: Subiendo imagen con key: data/scraped_data/images/601711/601711.jpg
07/01/2025 12:01:23.015 - ProductScraper - INFO: Subiendo producto con key: data/scraped_data/products/601711.jsonl
07/01/2025 12:01:23.423 - ProductScraper - INFO: Subiendo imagen con key: data/scraped_data/images/751876/751876.jpg
07/01/2025 12:01:23.732 - ProductScraper - INFO: Subiendo producto con key: data/scraped_data/products/751876.jsonl
07/01/2025 12:01:24.115 - ProductScraper - INFO: Subiendo imagen con key: data/scraped_data/images/521120/521120.jpg
07/01/2025 12:01:24.425 - ProductScraper - INFO: Subiendo producto con key: data/scraped_data/products/521120.jsonl
07/01/2025 12:01:24.820 - ProductScraper - INFO: Subiendo imagen con key: data/scraped_data/images/663993/663993.jpg
07/01/2025 12:01:25.145 - ProductScraper - INFO: Subiendo producto con key: data/scraped_data/products/663993.jsonl
07/01/2025 12:01:25.535 - ProductScraper - INFO: Subiendo imagen con key: data/scraped_data/images/502002/502002.jpg
07/01/2025 12:01:25.932 - ProductScraper - INFO: Subiendo producto con key: data/scraped_data/products/502002.jsonl
07/01/2025 12:01:26.323 - ProductScraper - INFO: Subiendo imagen con key: data/scraped_data/images/602451/602451.jpg
07/01/2025 12:01:26.630 - ProductScraper - INFO: Subiendo producto con key: data/scraped_data/products/602451.jsonl
07/01/2025 12:01:27.031 - ProductScraper - INFO: Subiendo imagen con key: data/scraped_data/images/523039/523039.jpg
07/01/2025 12:01:27.454 - ProductScraper - INFO: Subiendo producto con key: data/scraped_data/products/523039.jsonl
07/01/2025 12:01:27.847 - ProductScraper - INFO: Subiendo imagen con key: data/scraped_data/images/521099/521099.jpg
07/01/2025 12:01:28.176 - ProductScraper - INFO: Subiendo producto con key: data/scraped_data/products/521099.jsonl
07/01/2025 12:01:28.560 - ProductScraper - INFO: Subiendo imagen con key: data/scraped_data/images/346248/346248.jpg
07/01/2025 12:01:28.882 - ProductScraper - INFO: Subiendo producto con key: data/scraped_data/products/346248.jsonl
07/01/2025 12:01:29.278 - ProductScraper - INFO: Subiendo imagen con key: data/scraped_data/images/744573/744573.jpg
07/01/2025 12:01:29.613 - ProductScraper - INFO: Subiendo producto con key: data/scraped_data/products/744573.jsonl
07/01/2025 12:01:30.019 - ProductScraper - INFO: Subiendo imagen con key: data/scraped_data/images/730052/730052.jpg
07/01/2025 12:01:30.332 - ProductScraper - INFO: Subiendo producto con key: data/scraped_data/products/730052.jsonl
07/01/2025 12:01:30.717 - ProductScraper - INFO: Subiendo imagen con key: data/scraped_data/images/345188/345188.jpg
07/01/2025 12:01:31.021 - ProductScraper - INFO: Subiendo producto con key: data/scraped_data/products/345188.jsonl
07/01/2025 12:01:31.401 - ProductScraper - INFO: Subiendo imagen con key: data/scraped_data/images/373552/373552.jpg
07/01/2025 12:01:31.705 - ProductScraper - INFO: Subiendo producto con key: data/scraped_data/products/373552.jsonl
07/01/2025 12:01:32.108 - ProductScraper - INFO: Subiendo imagen con key: data/scraped_data/images/602549/602549.jpg
07/01/2025 12:01:32.424 - ProductScraper - INFO: Subiendo producto con key: data/scraped_data/products/602549.jsonl
07/01/2025 12:01:32.822 - ProductScraper - INFO: Subiendo imagen con key: data/scraped_data/images/346662/346662.jpg
07/01/2025 12:01:33.134 - ProductScraper - INFO: Subiendo producto con key: data/scraped_data/products/346662.jsonl
07/01/2025 12:01:33.521 - ProductScraper - INFO: Subiendo imagen con key: data/scraped_data/images/521101/521101.jpg
07/01/2025 12:01:33.836 - ProductScraper - INFO: Subiendo producto con key: data/scraped_data/products/521101.jsonl
07/01/2025 12:01:34.304 - ProductScraper - INFO: Subiendo imagen con key: data/scraped_data/images/633002/633002.jpg
07/01/2025 12:01:34.621 - ProductScraper - INFO: Subiendo producto con key: data/scraped_data/products/633002.jsonl
07/01/2025 12:01:35.009 - ProductScraper - INFO: Subiendo imagen con key: data/scraped_data/images/660362/660362.jpg
07/01/2025 12:01:35.316 - ProductScraper - INFO: Subiendo producto con key: data/scraped_data/products/660362.jsonl
07/01/2025 12:01:35.710 - ProductScraper - INFO: Subiendo imagen con key: data/scraped_data/images/379176/379176.jpg
07/01/2025 12:01:36.019 - ProductScraper - INFO: Subiendo producto con key: data/scraped_data/products/379176.jsonl
07/01/2025 12:01:36.411 - ProductScraper - INFO: Subiendo imagen con key: data/scraped_data/images/270417/270417.jpg
07/01/2025 12:01:36.739 - ProductScraper - INFO: Subiendo producto con key: data/scraped_data/products/270417.jsonl
07/01/2025 12:01:37.125 - ProductScraper - INFO: Subiendo imagen con key: data/scraped_data/images/704298/704298.jpg
07/01/2025 12:01:37.450 - ProductScraper - INFO: Subiendo producto con key: data/scraped_data/products/704298.jsonl
07/01/2025 12:01:37.842 - ProductScraper - INFO: Subiendo imagen con key: data/scraped_data/images/744131/744131.jpg
07/01/2025 12:01:38.174 - ProductScraper - INFO: Subiendo producto con key: data/scraped_data/products/744131.jsonl
07/01/2025 12:01:38.561 - ProductScraper - INFO: Subiendo imagen con key: data/scraped_data/images/660327/660327.jpg
07/01/2025 12:01:38.866 - ProductScraper - INFO: Subiendo producto con key: data/scraped_data/products/660327.jsonl
07/01/2025 12:01:39.255 - ProductScraper - INFO: Subiendo imagen con key: data/scraped_data/images/662955/662955.jpg
07/01/2025 12:01:39.565 - ProductScraper - INFO: Subiendo producto con key: data/scraped_data/products/662955.jsonl
07/01/2025 12:01:40.037 - ProductScraper - INFO: Subiendo imagen con key: data/scraped_data/images/345221/345221.jpg
07/01/2025 12:01:40.341 - ProductScraper - INFO: Subiendo producto con key: data/scraped_data/products/345221.jsonl
07/01/2025 12:01:40.741 - ProductScraper - INFO: Subiendo imagen con key: data/scraped_data/images/649294/649294.jpg
07/01/2025 12:01:41.045 - ProductScraper - INFO: Subiendo producto con key: data/scraped_data/products/649294.jsonl
07/01/2025 12:01:41.432 - ProductScraper - INFO: Subiendo imagen con key: data/scraped_data/images/346308/346308.jpg
07/01/2025 12:01:41.743 - ProductScraper - INFO: Subiendo producto con key: data/scraped_data/products/346308.jsonl
07/01/2025 12:01:42.157 - ProductScraper - INFO: Subiendo imagen con key: data/scraped_data/images/744033/744033.jpg
07/01/2025 12:01:42.488 - ProductScraper - INFO: Subiendo producto con key: data/scraped_data/products/744033.jsonl
07/01/2025 12:01:42.886 - ProductScraper - INFO: Subiendo imagen con key: data/scraped_data/images/602806/602806.jpg
07/01/2025 12:01:43.204 - ProductScraper - INFO: Subiendo producto con key: data/scraped_data/products/602806.jsonl
07/01/2025 12:01:43.600 - ProductScraper - INFO: Subiendo imagen con key: data/scraped_data/images/664235/664235.jpg
07/01/2025 12:01:43.930 - ProductScraper - INFO: Subiendo producto con key: data/scraped_data/products/664235.jsonl
07/01/2025 12:01:44.325 - ProductScraper - INFO: Subiendo imagen con key: data/scraped_data/images/602940/602940.jpg
07/01/2025 12:01:44.643 - ProductScraper - INFO: Subiendo producto con key: data/scraped_data/products/602940.jsonl
07/01/2025 12:01:45.028 - ProductScraper - INFO: Subiendo imagen con key: data/scraped_data/images/660233/660233.jpg
07/01/2025 12:01:45.364 - ProductScraper - INFO: Subiendo producto con key: data/scraped_data/products/660233.jsonl
07/01/2025 12:01:45.758 - ProductScraper - INFO: Subiendo imagen con key: data/scraped_data/images/345184/345184.jpg
07/01/2025 12:01:46.624 - ProductScraper - INFO: Subiendo producto con key: data/scraped_data/products/345184.jsonl
07/01/2025 12:01:47.031 - ProductScraper - INFO: Subiendo imagen con key: data/scraped_data/images/601857/601857.jpg
07/01/2025 12:01:47.338 - ProductScraper - INFO: Subiendo producto con key: data/scraped_data/products/601857.jsonl
07/01/2025 12:01:47.744 - ProductScraper - INFO: Subiendo imagen con key: data/scraped_data/images/602698/602698.jpg
07/01/2025 12:01:48.059 - ProductScraper - INFO: Subiendo producto con key: data/scraped_data/products/602698.jsonl
07/01/2025 12:01:48.479 - ProductScraper - INFO: Subiendo imagen con key: data/scraped_data/images/730057/730057.jpg
07/01/2025 12:01:48.793 - ProductScraper - INFO: Subiendo producto con key: data/scraped_data/products/730057.jsonl
07/01/2025 12:01:49.190 - ProductScraper - INFO: Subiendo imagen con key: data/scraped_data/images/641136/641136.jpg
07/01/2025 12:01:49.498 - ProductScraper - INFO: Subiendo producto con key: data/scraped_data/products/641136.jsonl
07/01/2025 12:01:49.881 - ProductScraper - INFO: Subiendo imagen con key: data/scraped_data/images/732212/732212.jpg
07/01/2025 12:01:50.188 - ProductScraper - INFO: Subiendo producto con key: data/scraped_data/products/732212.jsonl
07/01/2025 12:01:50.591 - ProductScraper - INFO: Subiendo imagen con key: data/scraped_data/images/711489/711489.jpg
07/01/2025 12:01:50.896 - ProductScraper - INFO: Subiendo producto con key: data/scraped_data/products/711489.jsonl
07/01/2025 12:01:51.290 - ProductScraper - INFO: Subiendo imagen con key: data/scraped_data/images/663541/663541.jpg
07/01/2025 12:01:51.595 - ProductScraper - INFO: Subiendo producto con key: data/scraped_data/products/663541.jsonl
07/01/2025 12:01:51.978 - ProductScraper - INFO: Subiendo imagen con key: data/scraped_data/images/732273/732273.jpg
07/01/2025 12:01:52.292 - ProductScraper - INFO: Subiendo producto con key: data/scraped_data/products/732273.jsonl
07/01/2025 12:01:52.677 - ProductScraper - INFO: Subiendo imagen con key: data/scraped_data/images/666080/666080.jpg
07/01/2025 12:01:52.985 - ProductScraper - INFO: Subiendo producto con key: data/scraped_data/products/666080.jsonl
07/01/2025 12:01:53.380 - ProductScraper - INFO: Subiendo imagen con key: data/scraped_data/images/345112/345112.jpg
07/01/2025 12:01:53.736 - ProductScraper - INFO: Subiendo producto con key: data/scraped_data/products/345112.jsonl
07/01/2025 12:01:54.131 - ProductScraper - INFO: Subiendo imagen con key: data/scraped_data/images/602646/602646.jpg
07/01/2025 12:01:54.438 - ProductScraper - INFO: Subiendo producto con key: data/scraped_data/products/602646.jsonl
07/01/2025 12:01:54.842 - ProductScraper - INFO: Subiendo imagen con key: data/scraped_data/images/520090/520090.jpg
07/01/2025 12:01:55.170 - ProductScraper - INFO: Subiendo producto con key: data/scraped_data/products/520090.jsonl
07/01/2025 12:01:55.569 - ProductScraper - INFO: Subiendo imagen con key: data/scraped_data/images/510221/510221.jpg
07/01/2025 12:01:55.881 - ProductScraper - INFO: Subiendo producto con key: data/scraped_data/products/510221.jsonl
07/01/2025 12:01:56.262 - ProductScraper - INFO: Subiendo imagen con key: data/scraped_data/images/379239/379239.jpg
07/01/2025 12:01:56.583 - ProductScraper - INFO: Subiendo producto con key: data/scraped_data/products/379239.jsonl
07/01/2025 12:01:56.978 - ProductScraper - INFO: Subiendo imagen con key: data/scraped_data/images/602829/602829.jpg
07/01/2025 12:01:57.295 - ProductScraper - INFO: Subiendo producto con key: data/scraped_data/products/602829.jsonl
07/01/2025 12:01:57.678 - ProductScraper - INFO: Subiendo imagen con key: data/scraped_data/images/622545/622545.jpg
07/01/2025 12:01:58.006 - ProductScraper - INFO: Subiendo producto con key: data/scraped_data/products/622545.jsonl
07/01/2025 12:01:58.402 - ProductScraper - INFO: Subiendo imagen con key: data/scraped_data/images/345110/345110.jpg
07/01/2025 12:01:58.734 - ProductScraper - INFO: Subiendo producto con key: data/scraped_data/products/345110.jsonl
07/01/2025 12:01:59.192 - ProductScraper - INFO: Subiendo imagen con key: data/scraped_data/images/602741/602741.jpg
07/01/2025 12:01:59.499 - ProductScraper - INFO: Subiendo producto con key: data/scraped_data/products/602741.jsonl
07/01/2025 12:01:59.883 - ProductScraper - INFO: Subiendo imagen con key: data/scraped_data/images/660115/660115.jpg
07/01/2025 12:02:00.280 - ProductScraper - INFO: Subiendo producto con key: data/scraped_data/products/660115.jsonl
07/01/2025 12:02:00.732 - ProductScraper - INFO: Subiendo imagen con key: data/scraped_data/images/730037/730037.jpg
07/01/2025 12:02:01.039 - ProductScraper - INFO: Subiendo producto con key: data/scraped_data/products/730037.jsonl
07/01/2025 12:02:01.436 - ProductScraper - INFO: Subiendo imagen con key: data/scraped_data/images/660111/660111.jpg
07/01/2025 12:02:01.794 - ProductScraper - INFO: Subiendo producto con key: data/scraped_data/products/660111.jsonl
07/01/2025 12:02:02.193 - ProductScraper - INFO: Subiendo imagen con key: data/scraped_data/images/660885/660885.jpg
07/01/2025 12:02:02.502 - ProductScraper - INFO: Subiendo producto con key: data/scraped_data/products/660885.jsonl
07/01/2025 12:02:02.889 - ProductScraper - INFO: Subiendo imagen con key: data/scraped_data/images/735001/735001.jpg
07/01/2025 12:02:03.216 - ProductScraper - INFO: Subiendo producto con key: data/scraped_data/products/735001.jsonl
07/01/2025 12:02:03.612 - ProductScraper - INFO: Subiendo imagen con key: data/scraped_data/images/602980/602980.jpg
07/01/2025 12:02:03.943 - ProductScraper - INFO: Subiendo producto con key: data/scraped_data/products/602980.jsonl
07/01/2025 12:02:04.909 - ProductScraper - INFO: Subiendo imagen con key: data/scraped_data/images/379213/379213.jpg
07/01/2025 12:02:05.227 - ProductScraper - INFO: Subiendo producto con key: data/scraped_data/products/379213.jsonl
07/01/2025 12:02:06.073 - ProductScraper - INFO: Subiendo imagen con key: data/scraped_data/images/379136/379136.jpg
07/01/2025 12:02:06.402 - ProductScraper - INFO: Subiendo producto con key: data/scraped_data/products/379136.jsonl
07/01/2025 12:02:07.403 - ProductScraper - INFO: Subiendo imagen con key: data/scraped_data/images/660355/660355.jpg
07/01/2025 12:02:07.712 - ProductScraper - INFO: Subiendo producto con key: data/scraped_data/products/660355.jsonl
07/01/2025 12:02:08.670 - ProductScraper - INFO: Subiendo imagen con key: data/scraped_data/images/661652/661652.jpg
07/01/2025 12:02:08.978 - ProductScraper - INFO: Subiendo producto con key: data/scraped_data/products/661652.jsonl
07/01/2025 12:02:09.651 - ProductScraper - INFO: Subiendo imagen con key: data/scraped_data/images/346247/346247.jpg
07/01/2025 12:02:09.960 - ProductScraper - INFO: Subiendo producto con key: data/scraped_data/products/346247.jsonl
07/01/2025 12:02:10.482 - ProductScraper - INFO: Finished scraping products
07/01/2025 12:02:10.482 - Pipeline - INFO: [INFO] Ejecutando tagging...
07/01/2025 12:02:11.227 - Pipeline - INFO: 
✅ Proceso terminado. Resultados guardados en etiquetas_octogonos.csv
07/01/2025 12:02:11.234 - Pipeline - INFO: [INFO] Subiendo resultados a S3...
